2022-08-21 12:58:44,365 - __main__ - INFO - Successfully published Fire station (Feuerwache) on twitter.
2022-08-21 17:34:48,674 - __main__ - INFO - Successfully published Kantor (Kantorova vila) on twitter.
2022-08-22 17:36:12,922 - __main__ - INFO - Successfully published Strojnická 10, U studánky 1 on twitter.
2022-08-23 17:37:48,430 - __main__ - INFO - Successfully published Veletržní 29, Veverkova 37 on twitter.
2022-08-24 17:36:11,262 - __main__ - INFO - Successfully published Veletržní 19 on twitter.
2022-08-25 17:37:25,305 - __main__ - INFO - Successfully published Veletržní 9 on twitter.
2022-08-26 17:38:27,792 - __main__ - INFO - Successfully published French schools (Francouzské školy) on twitter.
2022-08-27 17:35:10,134 - __main__ - INFO - Successfully published Vinařská 3, 6, 7 on twitter.
2022-08-28 17:35:17,221 - __main__ - INFO - Successfully published White Swan (Bílá Labuť) on twitter.
2022-08-29 17:39:36,385 - __main__ - INFO - Successfully published Lido Südbad on twitter.
2022-08-30 17:40:53,015 - __main__ - INFO - Successfully published Londýnská 83 on twitter.
2022-08-31 17:38:19,472 - __main__ - INFO - Successfully published Semi-detached house of the Böhm Brothers (Dvojdům bratří Böhmů) on twitter.
2022-09-01 17:40:20,525 - __main__ - INFO - Successfully published Ferdinand Baumann House (Dům Ferdinanda Baumanna) on twitter.
2022-09-02 17:39:11,214 - __main__ - INFO - Successfully published Te-Ta on twitter.
2022-09-03 17:35:53,398 - __main__ - INFO - Successfully published Rheinstrandbad Rappenwört on twitter.
2022-09-04 17:36:24,197 - __main__ - INFO - Successfully published Municipal lido on twitter.
2022-09-05 17:41:15,936 - __main__ - INFO - Successfully published Lido Waldstrandbad on twitter.
2022-09-06 17:42:08,508 - __main__ - INFO - Successfully published Petrská 1 on twitter.
2022-09-07 17:48:23,160 - __main__ - INFO - Successfully published Canottieri Lario on twitter.
2022-09-08 17:45:49,768 - __main__ - INFO - Successfully published Garden bath Eglisee on twitter.
2022-09-09 17:43:37,303 - __main__ - INFO - Successfully published Soukenická 27/29 on twitter.
2022-09-10 17:40:24,340 - __main__ - INFO - Successfully published Lodecká 3 on twitter.
2022-09-11 17:40:23,546 - __main__ - INFO - Successfully published Podplukovníka Sochora 34 on twitter.
2022-09-12 17:45:34,724 - __main__ - INFO - Successfully published Molochov on twitter.
2022-09-13 17:46:08,905 - __main__ - INFO - Successfully published Palace Letná (Palác Letná) on twitter.
2022-09-14 17:45:02,854 - __main__ - INFO - Successfully published Redfern Building on twitter.
2022-09-15 17:44:02,909 - __main__ - INFO - Successfully published Villa Fischer (Fischerova vila) on twitter.
